Job ID                    Name             User            Time Use S Queue
------------------------- ---------------- --------------- -------- - -----
513491.eadm                ...h_ON__ZeroS_T mpet07          00:33:28 R work           
513493.eadm                ...__ZeroS_T_env mpet07          00:36:04 R work           
513494.eadm                ...h_ON__ZeroS_T mpet07          00:39:54 R work           
513495.eadm                ...__ZeroS_T_env mpet07          00:44:12 R work           
513496.eadm                ...h_ON__ZeroS_T mpet07          00:40:18 R work           
513497.eadm                ...__ZeroS_T_env mpet07                 0 R work           
513498.eadm                ...h_ON__ZeroS_T mpet07                 0 R work           
513499.eadm                ...__ZeroS_T_env mpet07                 0 R work           
513500.eadm                ...h_ON__ZeroS_T mpet07                 0 Q work           
513501.eadm                ...__ZeroS_T_env mpet07                 0 Q work           
513502.eadm                ...h_ON__ZeroS_T mpet07                 0 Q work           
513503.eadm                ...__ZeroS_T_env mpet07                 0 Q work           
513504.eadm                ...h_ON__ZeroS_T mpet07                 0 Q work           
513505.eadm                ...__ZeroS_T_env mpet07                 0 Q work           
513506.eadm                ...h_ON__ZeroS_T mpet07                 0 Q work           
513507.eadm                ...__ZeroS_T_env mpet07                 0 Q work           
513508.eadm                ...h_ON__ZeroS_T mpet07                 0 Q work           
513509.eadm                ...__ZeroS_T_env mpet07                 0 Q work           
513510.eadm                ...h_ON__ZeroS_T mpet07                 0 Q work           
513511.eadm                ...__ZeroS_T_env mpet07                 0 Q work           
513512.eadm                ...h_ON__ZeroS_T mpet07                 0 Q work           
513513.eadm                ...__ZeroS_T_env mpet07                 0 Q work           
513514.eadm                ...h_ON__ZeroS_T mpet07                 0 Q work           
513515.eadm                ...__ZeroS_T_env mpet07                 0 Q work           
513516.eadm                ...h_ON__ZeroS_T mpet07                 0 Q work           
513517.eadm                ...__ZeroS_T_env mpet07                 0 Q work           
513518.eadm                ...h_ON__ZeroS_T mpet07                 0 Q work           
513519.eadm                ...__ZeroS_T_env mpet07                 0 Q work           
513520.eadm                ...h_ON__ZeroS_T mpet07                 0 Q work           
513521.eadm                ...__ZeroS_T_env mpet07                 0 Q work           
513522.eadm                ...h_ON__ZeroS_T mpet07                 0 Q work           
513523.eadm                ...__ZeroS_T_env mpet07                 0 Q work           
513524.eadm                ..._OFF__ZeroS_T mpet07                 0 Q work           
513525.eadm                ...__ZeroS_T_env mpet07                 0 Q work           
513526.eadm                ..._OFF__ZeroS_T mpet07                 0 Q work           
513527.eadm                ...__ZeroS_T_env mpet07                 0 Q work           
513528.eadm                ...h_ON__ZeroS_T mpet07                 0 Q work           
513529.eadm                ...__ZeroS_T_env mpet07                 0 Q work           
513530.eadm                ...h_ON__ZeroS_T mpet07                 0 Q work           
513531.eadm                ...__ZeroS_T_env mpet07                 0 Q work           
513532.eadm                ...h_ON__ZeroS_T mpet07                 0 Q work           
513533.eadm                ...__ZeroS_T_env mpet07                 0 Q work           
513534.eadm                ...h_ON__ZeroS_T mpet07                 0 Q work           
513535.eadm                ...__ZeroS_T_env mpet07                 0 Q work           
513536.eadm                ...h_ON__ZeroS_T mpet07                 0 Q work           
513537.eadm                ...__ZeroS_T_env mpet07                 0 Q work           
513538.eadm                ...h_ON__ZeroS_T mpet07                 0 Q work           
513539.eadm                ...__ZeroS_T_env mpet07                 0 Q work           
513540.eadm                ...h_ON__ZeroS_T mpet07                 0 Q work           
513541.eadm                ...__ZeroS_T_env mpet07                 0 Q work           
513542.eadm                ...h_ON__ZeroS_T mpet07                 0 Q work           
513543.eadm                ...__ZeroS_T_env mpet07                 0 Q work           
513544.eadm                ...h_ON__ZeroS_T mpet07                 0 Q work           
513545.eadm                ...__ZeroS_T_env mpet07                 0 Q work           
513546.eadm                ...h_ON__ZeroS_T mpet07                 0 Q work           
513547.eadm                ...__ZeroS_T_env mpet07                 0 Q work           
513548.eadm                ...h_ON__ZeroS_T mpet07                 0 Q work           
513549.eadm                ...__ZeroS_T_env mpet07                 0 Q work           
513550.eadm                ...h_ON__ZeroS_T mpet07                 0 Q work           
513551.eadm                ...__ZeroS_T_env mpet07                 0 Q work           
513552.eadm                ...h_ON__ZeroS_T mpet07                 0 Q work           
513553.eadm                ...__ZeroS_T_env mpet07                 0 Q work           
513554.eadm                ...h_ON__ZeroS_T mpet07                 0 Q work           
513555.eadm                ...__ZeroS_T_env mpet07                 0 Q work           
513556.eadm                ...h_ON__ZeroS_T mpet07                 0 Q work           
513557.eadm                ...__ZeroS_T_env mpet07                 0 Q work           
513558.eadm                ...h_ON__ZeroS_T mpet07                 0 Q work           
513559.eadm                ...__ZeroS_T_env mpet07                 0 Q work           
513560.eadm                ...h_ON__ZeroS_T mpet07                 0 Q work           
513561.eadm                ...__ZeroS_T_env mpet07                 0 Q work           
513562.eadm                ...h_ON__ZeroS_T mpet07                 0 Q work           
513563.eadm                ...__ZeroS_T_env mpet07                 0 Q work           
513564.eadm                ...h_ON__ZeroS_T mpet07                 0 Q work           
513565.eadm                ...__ZeroS_T_env mpet07                 0 Q work           
513566.eadm                ...h_ON__ZeroS_T mpet07                 0 Q work           
513567.eadm                ...__ZeroS_T_env mpet07                 0 Q work           
513568.eadm                ...h_ON__ZeroS_T mpet07                 0 Q work           
513569.eadm                ...__ZeroS_T_env mpet07                 0 Q work           
513570.eadm                ...h_ON__ZeroS_T mpet07                 0 Q work           
513571.eadm                ...__ZeroS_T_env mpet07                 0 Q work           
513572.eadm                ...h_ON__ZeroS_T mpet07                 0 Q work           
513573.eadm                ...__ZeroS_T_env mpet07                 0 Q work           
513574.eadm                ...h_ON__ZeroS_T mpet07                 0 Q work           
513575.eadm                ...__ZeroS_T_env mpet07                 0 Q work           
513576.eadm                ...h_ON__ZeroS_T mpet07                 0 Q work           
513577.eadm                ...__ZeroS_T_env mpet07                 0 Q work           
513578.eadm                ...h_ON__ZeroS_T mpet07                 0 Q work           
513579.eadm                ...__ZeroS_T_env mpet07                 0 Q work           
513580.eadm                ...h_ON__ZeroS_T mpet07                 0 Q work           
513581.eadm                ...__ZeroS_T_env mpet07                 0 Q work           
513582.eadm                ...h_ON__ZeroS_T mpet07                 0 Q work           
513583.eadm                ...__ZeroS_T_env mpet07                 0 Q work           
513584.eadm                ...h_ON__ZeroS_T mpet07                 0 Q work           
513585.eadm                ...__ZeroS_T_env mpet07                 0 Q work           
513586.eadm                ...h_ON__ZeroS_T mpet07                 0 Q work           
513587.eadm                ...__ZeroS_T_env mpet07                 0 Q work           
513588.eadm                ...h_ON__ZeroS_T mpet07                 0 Q work           
513589.eadm                ...__ZeroS_T_env mpet07                 0 Q work           
513590.eadm                ...h_ON__ZeroS_T mpet07                 0 Q work           
513591.eadm                ...__ZeroS_T_env mpet07                 0 Q work           
513592.eadm                ...h_ON__ZeroS_T mpet07                 0 Q work           
513593.eadm                ...__ZeroS_T_env mpet07                 0 Q work           
513594.eadm                ...h_ON__ZeroS_T mpet07                 0 Q work           
513595.eadm                ...__ZeroS_T_env mpet07                 0 Q work           
513596.eadm                ...h_ON__ZeroS_T mpet07                 0 Q work           
513597.eadm                ...__ZeroS_T_env mpet07                 0 Q work           
513598.eadm                ...h_ON__ZeroS_T mpet07                 0 Q work           
513599.eadm                ...__ZeroS_T_env mpet07                 0 Q work           
513600.eadm                ...h_ON__ZeroS_T mpet07                 0 Q work           
513601.eadm                ...__ZeroS_T_env mpet07                 0 Q work           
513602.eadm                ...h_ON__ZeroS_T mpet07                 0 Q work           
513603.eadm                ...__ZeroS_T_env mpet07                 0 Q work           
513604.eadm                ...h_ON__ZeroS_T mpet07                 0 Q work           
513605.eadm                ...__ZeroS_T_env mpet07                 0 Q work           
513606.eadm                ...h_ON__ZeroS_T mpet07                 0 Q work           
